module.js:327
    throw err;
    ^

Error: Cannot find module '/usr/share/nginx/abierto/start'
    at Function.Module._resolveFilename (module.js:325:15)
    at Function.Module._load (module.js:276:25)
    at Function.Module.runMain (module.js:441:10)
    at startup (node.js:139:18)
    at node.js:974:3
[32minfo: [39m
[32minfo: [39m
[32minfo: [39m   Sails              <|
[32minfo: [39m   v0.10.5             |\
[32minfo: [39m                      /|.\
[32minfo: [39m                     / || \
[32minfo: [39m                   ,'  |'  \
[32minfo: [39m                .-'.-==|/_--'
[32minfo: [39m                `--'-------' 
[32minfo: [39m   __---___--___---___--___---___--___
[32minfo: [39m ____---___--___---___--___---___--___-__
[32minfo: [39m
[32minfo: [39mServer lifted in `/usr/share/nginx/service`
[32minfo: [39mTo see your app, visit [4mhttp://localhost:20105[24m
[32minfo: [39mTo shut down Sails, press <CTRL> + C at any time.
[37m[39m
[34mdebug: [39m[90m--------------------------------------------------------[39m
[34mdebug: [39m[90m:: Fri Sep 09 2016 12:36:10 GMT-0300 (ART)[39m
[37m[39m
[34mdebug: [39mEnvironment : development
[34mdebug: [39mPort        : 20105
[34mdebug: [39m[90m--------------------------------------------------------[39m
[33mwarn: [39merror raised: Error: listen EADDRINUSE :::20105

[31merror: [39mServer doesn't seem to be starting.
[31merror: [39m
[31merror: [39mTroubleshooting tips:
[31merror: [39m
[31merror: [39m -> Is something else already running on port 20105 ?
[31merror: [39m
[31merror: [39m -> Are you deploying on a platform that requires an explicit hostname, like OpenShift?
[31merror: [39m    (Try setting the `explicitHost` config to the hostname where the server will be accessible.)
[31merror: [39m    (e.g. `mydomain.com` or `183.24.244.42`)

[32minfo: [39m
[32minfo: [39m
[32minfo: [39m   Sails              <|
[32minfo: [39m   v0.10.5             |\
[32minfo: [39m                      /|.\
[32minfo: [39m                     / || \
[32minfo: [39m                   ,'  |'  \
[32minfo: [39m                .-'.-==|/_--'
[32minfo: [39m                `--'-------' 
[32minfo: [39m   __---___--___---___--___---___--___
[32minfo: [39m ____---___--___---___--___---___--___-__
[32minfo: [39m
[32minfo: [39mServer lifted in `/usr/share/nginx/service`
[32minfo: [39mTo see your app, visit [4mhttp://localhost:20105[24m
[32minfo: [39mTo shut down Sails, press <CTRL> + C at any time.
[37m[39m
[34mdebug: [39m[90m--------------------------------------------------------[39m
[34mdebug: [39m[90m:: Fri Sep 09 2016 12:41:15 GMT-0300 (ART)[39m
[37m[39m
[34mdebug: [39mEnvironment : development
[34mdebug: [39mPort        : 20105
[34mdebug: [39m[90m--------------------------------------------------------[39m
[33mwarn: [39merror raised: Error: listen EADDRINUSE :::20105

[31merror: [39mServer doesn't seem to be starting.
[31merror: [39m
[31merror: [39mTroubleshooting tips:
[31merror: [39m
[31merror: [39m -> Is something else already running on port 20105 ?
[31merror: [39m
[31merror: [39m -> Are you deploying on a platform that requires an explicit hostname, like OpenShift?
[31merror: [39m    (Try setting the `explicitHost` config to the hostname where the server will be accessible.)
[31merror: [39m    (e.g. `mydomain.com` or `183.24.244.42`)

